31 Dec, 2012 10:28:54 PM org.apache.solr.core.SolrResourceLoader locateSolrHome
INFO: JNDI not configured for solr (NoInitialContextEx)
31 Dec, 2012 10:28:54 PM org.apache.solr.core.SolrResourceLoader locateSolrHome
INFO: using system property solr.solr.home: /home/surupa/kweb/solr
31 Dec, 2012 10:28:54 PM org.apache.solr.core.SolrResourceLoader <init>
INFO: Solr home set to '/home/surupa/kweb/solr/'
31 Dec, 2012 10:28:54 PM org.apache.solr.servlet.SolrDispatchFilter init
INFO: SolrDispatchFilter.init()
31 Dec, 2012 10:28:54 PM org.apache.solr.core.SolrResourceLoader locateSolrHome
INFO: JNDI not configured for solr (NoInitialContextEx)
31 Dec, 2012 10:28:54 PM org.apache.solr.core.SolrResourceLoader locateSolrHome
INFO: using system property solr.solr.home: /home/surupa/kweb/solr
31 Dec, 2012 10:28:54 PM org.apache.solr.core.CoreContainer$Initializer initialize
INFO: looking for solr.xml: /home/surupa/kweb/solr/solr.xml
31 Dec, 2012 10:28:54 PM org.apache.solr.core.SolrResourceLoader <init>
INFO: Solr home set to '/home/surupa/kweb/solr/'
31 Dec, 2012 10:28:54 PM org.apache.solr.core.SolrConfig initLibs
INFO: Adding specified lib dirs to ClassLoader
31 Dec, 2012 10:28:55 PM org.apache.solr.core.SolrConfig <init>
INFO: Loaded SolrConfig: solrconfig.xml
31 Dec, 2012 10:28:55 PM org.apache.solr.core.SolrCore <init>
INFO: Opening new SolrCore at /home/surupa/kweb/solr/, dataDir=/home/surupa/kweb/solr/data/development/
31 Dec, 2012 10:28:55 PM org.apache.solr.schema.IndexSchema readSchema
INFO: Reading Solr Schema
31 Dec, 2012 10:28:55 PM org.apache.solr.schema.IndexSchema readSchema
INFO: Schema name=sunspot
31 Dec, 2012 10:28:55 PM org.apache.solr.util.plugin.AbstractPluginLoader load
INFO: created string: org.apache.solr.schema.StrField
31 Dec, 2012 10:28:55 PM org.apache.solr.util.plugin.AbstractPluginLoader load
INFO: created tdouble: org.apache.solr.schema.TrieDoubleField
31 Dec, 2012 10:28:55 PM org.apache.solr.util.plugin.AbstractPluginLoader load
INFO: created rand: org.apache.solr.schema.RandomSortField
31 Dec, 2012 10:28:55 PM org.apache.solr.util.plugin.AbstractPluginLoader load
INFO: created null: org.apache.solr.analysis.StandardTokenizerFactory
31 Dec, 2012 10:28:55 PM org.apache.solr.util.plugin.AbstractPluginLoader load
INFO: created null: org.apache.solr.analysis.StandardFilterFactory
31 Dec, 2012 10:28:55 PM org.apache.solr.util.plugin.AbstractPluginLoader load
INFO: created null: org.apache.solr.analysis.LowerCaseFilterFactory
31 Dec, 2012 10:28:55 PM org.apache.solr.util.plugin.AbstractPluginLoader load
INFO: created text: org.apache.solr.schema.TextField
31 Dec, 2012 10:28:55 PM org.apache.solr.util.plugin.AbstractPluginLoader load
INFO: created boolean: org.apache.solr.schema.BoolField
31 Dec, 2012 10:28:55 PM org.apache.solr.util.plugin.AbstractPluginLoader load
INFO: created date: org.apache.solr.schema.DateField
31 Dec, 2012 10:28:55 PM org.apache.solr.util.plugin.AbstractPluginLoader load
INFO: created sdouble: org.apache.solr.schema.SortableDoubleField
31 Dec, 2012 10:28:55 PM org.apache.solr.util.plugin.AbstractPluginLoader load
INFO: created sfloat: org.apache.solr.schema.SortableFloatField
31 Dec, 2012 10:28:55 PM org.apache.solr.util.plugin.AbstractPluginLoader load
INFO: created sint: org.apache.solr.schema.SortableIntField
31 Dec, 2012 10:28:55 PM org.apache.solr.util.plugin.AbstractPluginLoader load
INFO: created slong: org.apache.solr.schema.SortableLongField
31 Dec, 2012 10:28:55 PM org.apache.solr.util.plugin.AbstractPluginLoader load
INFO: created tint: org.apache.solr.schema.TrieIntField
31 Dec, 2012 10:28:55 PM org.apache.solr.util.plugin.AbstractPluginLoader load
INFO: created tfloat: org.apache.solr.schema.TrieFloatField
31 Dec, 2012 10:28:55 PM org.apache.solr.util.plugin.AbstractPluginLoader load
INFO: created tdate: org.apache.solr.schema.TrieDateField
31 Dec, 2012 10:28:55 PM org.apache.solr.schema.IndexSchema readSchema
INFO: default search field is text
31 Dec, 2012 10:28:55 PM org.apache.solr.schema.IndexSchema readSchema
INFO: query parser default operator is AND
31 Dec, 2012 10:28:55 PM org.apache.solr.schema.IndexSchema readSchema
INFO: unique key field: id
31 Dec, 2012 10:28:55 PM org.apache.solr.core.JmxMonitoredMap <init>
INFO: No JMX servers found, not exposing Solr information with JMX.
31 Dec, 2012 10:28:55 PM org.apache.solr.core.SolrCore initListeners
INFO: Added SolrEventListener: org.apache.solr.core.QuerySenderListener{queries=[]}
31 Dec, 2012 10:28:55 PM org.apache.solr.core.SolrCore initListeners
INFO: Added SolrEventListener: org.apache.solr.core.QuerySenderListener{queries=[{q=solr rocks,start=0,rows=10}, {q=static firstSearcher warming query from solrconfig.xml}]}
31 Dec, 2012 10:28:55 PM org.apache.solr.core.SolrCore initIndex
WARNING: Solr index directory '/home/surupa/kweb/solr/data/development/index' doesn't exist. Creating new index...
31 Dec, 2012 10:28:55 PM org.apache.solr.core.SolrDeletionPolicy onInit
INFO: SolrDeletionPolicy.onInit: commits:num=1
	commit{dir=/home/surupa/kweb/solr/data/development/index,segFN=segments_1,version=1356973135426,generation=1,filenames=[segments_1]
31 Dec, 2012 10:28:55 PM org.apache.solr.core.SolrDeletionPolicy updateCommits
INFO: newest commit = 1356973135426
31 Dec, 2012 10:28:55 PM org.apache.solr.request.XSLTResponseWriter init
INFO: xsltCacheLifetimeSeconds=5
31 Dec, 2012 10:28:55 PM org.apache.solr.core.RequestHandlers initHandlersFromConfig
INFO: created standard: solr.SearchHandler
31 Dec, 2012 10:28:55 PM org.apache.solr.core.RequestHandlers initHandlersFromConfig
INFO: created dismax: solr.SearchHandler
31 Dec, 2012 10:28:55 PM org.apache.solr.core.RequestHandlers initHandlersFromConfig
INFO: created partitioned: solr.SearchHandler
31 Dec, 2012 10:28:55 PM org.apache.solr.core.RequestHandlers initHandlersFromConfig
INFO: created /spell: solr.SearchHandler
31 Dec, 2012 10:28:55 PM org.apache.solr.core.RequestHandlers initHandlersFromConfig
INFO: created tvrh: org.apache.solr.handler.component.SearchHandler
31 Dec, 2012 10:28:55 PM org.apache.solr.core.RequestHandlers initHandlersFromConfig
INFO: adding lazy requestHandler: org.apache.solr.handler.extraction.ExtractingRequestHandler
31 Dec, 2012 10:28:55 PM org.apache.solr.core.RequestHandlers initHandlersFromConfig
INFO: created /update/extract: org.apache.solr.handler.extraction.ExtractingRequestHandler
31 Dec, 2012 10:28:55 PM org.apache.solr.core.RequestHandlers initHandlersFromConfig
INFO: created /terms: org.apache.solr.handler.component.SearchHandler
31 Dec, 2012 10:28:55 PM org.apache.solr.core.RequestHandlers initHandlersFromConfig
INFO: adding lazy requestHandler: solr.SearchHandler
31 Dec, 2012 10:28:55 PM org.apache.solr.core.RequestHandlers initHandlersFromConfig
INFO: created /elevate: solr.SearchHandler
31 Dec, 2012 10:28:55 PM org.apache.solr.core.RequestHandlers initHandlersFromConfig
INFO: created /update: solr.XmlUpdateRequestHandler
31 Dec, 2012 10:28:55 PM org.apache.solr.core.RequestHandlers initHandlersFromConfig
INFO: created /update/javabin: solr.BinaryUpdateRequestHandler
31 Dec, 2012 10:28:55 PM org.apache.solr.core.RequestHandlers initHandlersFromConfig
INFO: created /analysis/document: solr.DocumentAnalysisRequestHandler
31 Dec, 2012 10:28:55 PM org.apache.solr.core.RequestHandlers initHandlersFromConfig
INFO: created /analysis/field: solr.FieldAnalysisRequestHandler
31 Dec, 2012 10:28:55 PM org.apache.solr.core.RequestHandlers initHandlersFromConfig
INFO: adding lazy requestHandler: solr.CSVRequestHandler
31 Dec, 2012 10:28:55 PM org.apache.solr.core.RequestHandlers initHandlersFromConfig
INFO: created /update/csv: solr.CSVRequestHandler
31 Dec, 2012 10:28:55 PM org.apache.solr.core.RequestHandlers initHandlersFromConfig
INFO: created /admin/: org.apache.solr.handler.admin.AdminHandlers
31 Dec, 2012 10:28:55 PM org.apache.solr.core.RequestHandlers initHandlersFromConfig
INFO: created /admin/ping: PingRequestHandler
31 Dec, 2012 10:28:55 PM org.apache.solr.core.RequestHandlers initHandlersFromConfig
INFO: created /debug/dump: solr.DumpRequestHandler
31 Dec, 2012 10:28:55 PM org.apache.solr.core.RequestHandlers initHandlersFromConfig
INFO: created /mlt: solr.MoreLikeThisHandler
31 Dec, 2012 10:28:55 PM org.apache.solr.search.SolrIndexSearcher <init>
INFO: Opening Searcher@643cb075 main
31 Dec, 2012 10:28:55 PM org.apache.solr.update.DirectUpdateHandler2$CommitTracker <init>
INFO: AutoCommit: disabled
31 Dec, 2012 10:28:55 PM org.apache.solr.handler.component.SpellCheckComponent inform
INFO: Initializing spell checkers
31 Dec, 2012 10:28:55 PM org.apache.solr.spelling.AbstractLuceneSpellChecker init
INFO: Using WhitespaceAnalzyer for dictionary: default
31 Dec, 2012 10:28:55 PM org.apache.solr.handler.component.SpellCheckComponent inform
WARNING: No queryConverter defined, using default converter
31 Dec, 2012 10:28:55 PM org.apache.solr.handler.component.QueryElevationComponent inform
INFO: Loading QueryElevation from: /home/surupa/kweb/solr/conf/elevate.xml
31 Dec, 2012 10:28:55 PM org.apache.solr.handler.component.SearchHandler inform
INFO: Adding  component:org.apache.solr.handler.component.QueryComponent@64bef361
31 Dec, 2012 10:28:55 PM org.apache.solr.handler.component.SearchHandler inform
INFO: Adding  component:org.apache.solr.handler.component.FacetComponent@345c98f3
31 Dec, 2012 10:28:55 PM org.apache.solr.handler.component.SearchHandler inform
INFO: Adding  component:org.apache.solr.handler.component.MoreLikeThisComponent@2b3d9460
31 Dec, 2012 10:28:55 PM org.apache.solr.handler.component.SearchHandler inform
INFO: Adding  component:org.apache.solr.handler.component.HighlightComponent@57d840cd
31 Dec, 2012 10:28:55 PM org.apache.solr.handler.component.SearchHandler inform
INFO: Adding  component:org.apache.solr.handler.component.StatsComponent@36867fc9
31 Dec, 2012 10:28:55 PM org.apache.solr.handler.component.SearchHandler inform
INFO: Adding  debug component:org.apache.solr.handler.component.DebugComponent@382f8116
31 Dec, 2012 10:28:55 PM org.apache.solr.handler.component.SearchHandler inform
INFO: Adding  component:org.apache.solr.handler.component.QueryComponent@64bef361
31 Dec, 2012 10:28:55 PM org.apache.solr.handler.component.SearchHandler inform
INFO: Adding  component:org.apache.solr.handler.component.FacetComponent@345c98f3
31 Dec, 2012 10:28:55 PM org.apache.solr.handler.component.SearchHandler inform
INFO: Adding  component:org.apache.solr.handler.component.MoreLikeThisComponent@2b3d9460
31 Dec, 2012 10:28:55 PM org.apache.solr.handler.component.SearchHandler inform
INFO: Adding  component:org.apache.solr.handler.component.HighlightComponent@57d840cd
31 Dec, 2012 10:28:55 PM org.apache.solr.handler.component.SearchHandler inform
INFO: Adding  component:org.apache.solr.handler.component.StatsComponent@36867fc9
31 Dec, 2012 10:28:55 PM org.apache.solr.handler.component.SearchHandler inform
INFO: Adding  debug component:org.apache.solr.handler.component.DebugComponent@382f8116
31 Dec, 2012 10:28:55 PM org.apache.solr.handler.component.SearchHandler inform
INFO: Adding  component:org.apache.solr.handler.component.QueryComponent@64bef361
31 Dec, 2012 10:28:55 PM org.apache.solr.handler.component.SearchHandler inform
INFO: Adding  component:org.apache.solr.handler.component.FacetComponent@345c98f3
31 Dec, 2012 10:28:55 PM org.apache.solr.handler.component.SearchHandler inform
INFO: Adding  component:org.apache.solr.handler.component.MoreLikeThisComponent@2b3d9460
31 Dec, 2012 10:28:55 PM org.apache.solr.handler.component.SearchHandler inform
INFO: Adding  component:org.apache.solr.handler.component.HighlightComponent@57d840cd
31 Dec, 2012 10:28:55 PM org.apache.solr.handler.component.SearchHandler inform
INFO: Adding  component:org.apache.solr.handler.component.StatsComponent@36867fc9
31 Dec, 2012 10:28:55 PM org.apache.solr.handler.component.SearchHandler inform
INFO: Adding  debug component:org.apache.solr.handler.component.DebugComponent@382f8116
31 Dec, 2012 10:28:55 PM org.apache.solr.handler.component.SearchHandler inform
INFO: Adding  component:org.apache.solr.handler.component.QueryComponent@64bef361
31 Dec, 2012 10:28:55 PM org.apache.solr.handler.component.SearchHandler inform
INFO: Adding  component:org.apache.solr.handler.component.FacetComponent@345c98f3
31 Dec, 2012 10:28:55 PM org.apache.solr.handler.component.SearchHandler inform
INFO: Adding  component:org.apache.solr.handler.component.MoreLikeThisComponent@2b3d9460
31 Dec, 2012 10:28:55 PM org.apache.solr.handler.component.SearchHandler inform
INFO: Adding  component:org.apache.solr.handler.component.HighlightComponent@57d840cd
31 Dec, 2012 10:28:55 PM org.apache.solr.handler.component.SearchHandler inform
INFO: Adding  component:org.apache.solr.handler.component.StatsComponent@36867fc9
31 Dec, 2012 10:28:55 PM org.apache.solr.handler.component.SearchHandler inform
INFO: Adding  component:org.apache.solr.handler.component.SpellCheckComponent@36c3e82b
31 Dec, 2012 10:28:55 PM org.apache.solr.handler.component.SearchHandler inform
INFO: Adding  debug component:org.apache.solr.handler.component.DebugComponent@382f8116
31 Dec, 2012 10:28:55 PM org.apache.solr.handler.component.SearchHandler inform
INFO: Adding  component:org.apache.solr.handler.component.QueryComponent@64bef361
31 Dec, 2012 10:28:55 PM org.apache.solr.handler.component.SearchHandler inform
INFO: Adding  component:org.apache.solr.handler.component.FacetComponent@345c98f3
31 Dec, 2012 10:28:55 PM org.apache.solr.handler.component.SearchHandler inform
INFO: Adding  component:org.apache.solr.handler.component.MoreLikeThisComponent@2b3d9460
31 Dec, 2012 10:28:55 PM org.apache.solr.handler.component.SearchHandler inform
INFO: Adding  component:org.apache.solr.handler.component.HighlightComponent@57d840cd
31 Dec, 2012 10:28:55 PM org.apache.solr.handler.component.SearchHandler inform
INFO: Adding  component:org.apache.solr.handler.component.StatsComponent@36867fc9
31 Dec, 2012 10:28:55 PM org.apache.solr.handler.component.SearchHandler inform
INFO: Adding  component:org.apache.solr.handler.component.TermVectorComponent@77bf7b23
31 Dec, 2012 10:28:55 PM org.apache.solr.handler.component.SearchHandler inform
INFO: Adding  debug component:org.apache.solr.handler.component.DebugComponent@382f8116
31 Dec, 2012 10:28:55 PM org.apache.solr.handler.component.SearchHandler inform
INFO: Adding  component:org.apache.solr.handler.component.TermsComponent@3c2d7440
31 Dec, 2012 10:28:55 PM org.apache.solr.core.QuerySenderListener newSearcher
INFO: QuerySenderListener sending requests to Searcher@643cb075 main
31 Dec, 2012 10:28:55 PM org.apache.solr.core.CoreContainer register
INFO: registering core: 
31 Dec, 2012 10:28:55 PM org.apache.solr.servlet.SolrDispatchFilter init
INFO: user.dir=/var/lib/gems/1.9.1/gems/sunspot_solr-1.3.3/solr
31 Dec, 2012 10:28:55 PM org.apache.solr.servlet.SolrDispatchFilter init
INFO: SolrDispatchFilter.init() done
31 Dec, 2012 10:28:55 PM org.apache.solr.core.SolrCore execute
INFO: [] webapp=null path=null params={start=0&event=firstSearcher&q=solr+rocks&rows=10} hits=0 status=0 QTime=28 
31 Dec, 2012 10:28:55 PM org.apache.solr.core.SolrCore execute
INFO: [] webapp=null path=null params={event=firstSearcher&q=static+firstSearcher+warming+query+from+solrconfig.xml} hits=0 status=0 QTime=1 
31 Dec, 2012 10:28:55 PM org.apache.solr.core.QuerySenderListener newSearcher
INFO: QuerySenderListener done.
31 Dec, 2012 10:28:55 PM org.apache.solr.handler.component.SpellCheckComponent$SpellCheckerListener newSearcher
INFO: Loading spell index for spellchecker: default
31 Dec, 2012 10:28:55 PM org.apache.solr.core.SolrCore registerSearcher
INFO: [] Registered new searcher Searcher@643cb075 main
31 Dec, 2012 10:28:55 PM org.apache.solr.servlet.SolrServlet init
INFO: SolrServlet.init()
31 Dec, 2012 10:28:55 PM org.apache.solr.core.SolrResourceLoader locateSolrHome
INFO: JNDI not configured for solr (NoInitialContextEx)
31 Dec, 2012 10:28:55 PM org.apache.solr.core.SolrResourceLoader locateSolrHome
INFO: using system property solr.solr.home: /home/surupa/kweb/solr
31 Dec, 2012 10:28:55 PM org.apache.solr.servlet.SolrServlet init
INFO: SolrServlet.init() done
31 Dec, 2012 10:28:55 PM org.apache.solr.core.SolrResourceLoader locateSolrHome
INFO: JNDI not configured for solr (NoInitialContextEx)
31 Dec, 2012 10:28:55 PM org.apache.solr.core.SolrResourceLoader locateSolrHome
INFO: using system property solr.solr.home: /home/surupa/kweb/solr
31 Dec, 2012 10:28:55 PM org.apache.solr.servlet.SolrUpdateServlet init
INFO: SolrUpdateServlet.init() done
31 Dec, 2012 10:49:53 PM org.apache.solr.core.SolrCore execute
INFO: [] webapp=/solr path=/select params={fl=*+score&start=0&q=ruby&qf=city_text+job_description_text+job_position_text&wt=ruby&fq=type:JobPost&defType=dismax&rows=30} hits=0 status=0 QTime=10 
31 Dec, 2012 10:50:00 PM org.apache.solr.core.SolrCore execute
INFO: [] webapp=/solr path=/select params={fl=*+score&start=0&q=ruby+rails&qf=city_text+job_description_text+job_position_text&wt=ruby&fq=type:JobPost&defType=dismax&rows=30} hits=0 status=0 QTime=3 
31 Dec, 2012 10:50:10 PM org.apache.solr.core.SolrCore execute
INFO: [] webapp=/solr path=/select params={fl=*+score&start=0&q=ruby&qf=city_text+job_description_text+job_position_text&wt=ruby&fq=type:JobPost&defType=dismax&rows=30} hits=0 status=0 QTime=2 
31 Dec, 2012 10:50:54 PM org.apache.solr.core.SolrCore execute
INFO: [] webapp=/solr path=/select params={fl=*+score&start=0&q=rails&qf=city_text+job_description_text+job_position_text&wt=ruby&fq=type:JobPost&defType=dismax&rows=30} hits=0 status=0 QTime=3 
1 Jan, 2013 11:56:38 AM org.apache.solr.core.SolrCore execute
INFO: [] webapp=/solr path=/select params={wt=ruby&start=0&fq=type:JobPost&q=*:*&rows=30} hits=0 status=0 QTime=1 
1 Jan, 2013 11:58:01 AM org.apache.solr.core.SolrCore execute
INFO: [] webapp=/solr path=/select params={wt=ruby&start=0&fq=type:JobPost&q=*:*&rows=30} hits=0 status=0 QTime=1 
1 Jan, 2013 11:59:16 AM org.apache.solr.core.SolrCore execute
INFO: [] webapp=/solr path=/select params={wt=ruby&start=0&fq=type:JobPost&q=*:*&rows=30} hits=0 status=0 QTime=1 
1 Jan, 2013 12:08:58 PM org.apache.solr.core.SolrCore execute
INFO: [] webapp=/solr path=/select params={wt=ruby&start=0&fq=type:JobPost&q=*:*&rows=30} hits=0 status=0 QTime=2 
1 Jan, 2013 12:09:24 PM org.apache.solr.core.SolrCore execute
INFO: [] webapp=/solr path=/select params={fl=*+score&start=0&q=ruby&qf=city_text+job_description_text+job_position_text&wt=ruby&fq=type:JobPost&defType=dismax&rows=30} hits=0 status=0 QTime=1 
1 Jan, 2013 12:54:45 PM org.apache.solr.core.SolrCore execute
INFO: [] webapp=/solr path=/select params={wt=ruby&start=0&fq=type:JobPost&q=*:*&rows=30} hits=0 status=0 QTime=2 
1 Jan, 2013 1:43:24 PM org.apache.solr.core.SolrCore execute
INFO: [] webapp=/solr path=/select params={wt=ruby&start=0&fq=type:JobPost&q=*:*&rows=30} hits=0 status=0 QTime=1 
1 Jan, 2013 1:48:18 PM org.apache.solr.core.SolrDeletionPolicy onInit
INFO: SolrDeletionPolicy.onInit: commits:num=1
	commit{dir=/home/surupa/kweb/solr/data/development/index,segFN=segments_1,version=1356973135426,generation=1,filenames=[segments_1]
1 Jan, 2013 1:48:18 PM org.apache.solr.core.SolrDeletionPolicy updateCommits
INFO: newest commit = 1356973135426
1 Jan, 2013 1:48:18 PM org.apache.solr.update.processor.LogUpdateProcessor finish
INFO: {deleteByQuery=type:JobPost} 0 32
1 Jan, 2013 1:48:18 PM org.apache.solr.core.SolrCore execute
INFO: [] webapp=/solr path=/update params={wt=ruby} status=0 QTime=32 
1 Jan, 2013 1:48:18 PM org.apache.solr.update.processor.LogUpdateProcessor finish
INFO: {add=[JobPost 1, JobPost 3]} 0 30
1 Jan, 2013 1:48:18 PM org.apache.solr.core.SolrCore execute
INFO: [] webapp=/solr path=/update params={wt=ruby} status=0 QTime=30 
1 Jan, 2013 1:48:18 PM org.apache.solr.update.DirectUpdateHandler2 commit
INFO: start commit(optimize=false,waitFlush=false,waitSearcher=true,expungeDeletes=false)
1 Jan, 2013 1:48:18 PM org.apache.solr.core.SolrDeletionPolicy onCommit
INFO: SolrDeletionPolicy.onCommit: commits:num=2
	commit{dir=/home/surupa/kweb/solr/data/development/index,segFN=segments_1,version=1356973135426,generation=1,filenames=[segments_1]
	commit{dir=/home/surupa/kweb/solr/data/development/index,segFN=segments_2,version=1356973135427,generation=2,filenames=[_0.nrm, _0.tis, _0.fnm, _0.tii, _0.frq, segments_2, _0.fdx, _0.prx, _0.fdt]
1 Jan, 2013 1:48:18 PM org.apache.solr.core.SolrDeletionPolicy updateCommits
INFO: newest commit = 1356973135427
1 Jan, 2013 1:48:18 PM org.apache.solr.search.SolrIndexSearcher <init>
INFO: Opening Searcher@ee31e33 main
1 Jan, 2013 1:48:18 PM org.apache.solr.update.DirectUpdateHandler2 commit
INFO: end_commit_flush
1 Jan, 2013 1:48:18 PM org.apache.solr.search.SolrIndexSearcher warm
INFO: autowarming Searcher@ee31e33 main from Searcher@643cb075 main
	fieldValueCache{lookups=0,hits=0,hitratio=0.00,inserts=0,evictions=0,size=0,warmupTime=0,cumulative_lookups=0,cumulative_hits=0,cumulative_hitratio=0.00,cumulative_inserts=0,cumulative_evictions=0}
1 Jan, 2013 1:48:18 PM org.apache.solr.search.SolrIndexSearcher warm
INFO: autowarming result for Searcher@ee31e33 main
	fieldValueCache{lookups=0,hits=0,hitratio=0.00,inserts=0,evictions=0,size=0,warmupTime=0,cumulative_lookups=0,cumulative_hits=0,cumulative_hitratio=0.00,cumulative_inserts=0,cumulative_evictions=0}
1 Jan, 2013 1:48:18 PM org.apache.solr.search.SolrIndexSearcher warm
INFO: autowarming Searcher@ee31e33 main from Searcher@643cb075 main
	filterCache{lookups=4,hits=3,hitratio=0.75,inserts=1,evictions=0,size=1,warmupTime=0,cumulative_lookups=4,cumulative_hits=3,cumulative_hitratio=0.75,cumulative_inserts=1,cumulative_evictions=0}
1 Jan, 2013 1:48:18 PM org.apache.solr.search.SolrIndexSearcher warm
INFO: autowarming result for Searcher@ee31e33 main
	filterCache{lookups=0,hits=0,hitratio=0.00,inserts=0,evictions=0,size=0,warmupTime=0,cumulative_lookups=4,cumulative_hits=3,cumulative_hitratio=0.75,cumulative_inserts=1,cumulative_evictions=0}
1 Jan, 2013 1:48:18 PM org.apache.solr.search.SolrIndexSearcher warm
INFO: autowarming Searcher@ee31e33 main from Searcher@643cb075 main
	queryResultCache{lookups=11,hits=7,hitratio=0.63,inserts=6,evictions=0,size=6,warmupTime=0,cumulative_lookups=11,cumulative_hits=7,cumulative_hitratio=0.63,cumulative_inserts=4,cumulative_evictions=0}
1 Jan, 2013 1:48:18 PM org.apache.solr.search.SolrIndexSearcher warm
INFO: autowarming result for Searcher@ee31e33 main
	queryResultCache{lookups=0,hits=0,hitratio=0.00,inserts=0,evictions=0,size=0,warmupTime=0,cumulative_lookups=11,cumulative_hits=7,cumulative_hitratio=0.63,cumulative_inserts=4,cumulative_evictions=0}
1 Jan, 2013 1:48:18 PM org.apache.solr.search.SolrIndexSearcher warm
INFO: autowarming Searcher@ee31e33 main from Searcher@643cb075 main
	documentCache{lookups=0,hits=0,hitratio=0.00,inserts=0,evictions=0,size=0,warmupTime=0,cumulative_lookups=0,cumulative_hits=0,cumulative_hitratio=0.00,cumulative_inserts=0,cumulative_evictions=0}
1 Jan, 2013 1:48:18 PM org.apache.solr.search.SolrIndexSearcher warm
INFO: autowarming result for Searcher@ee31e33 main
	documentCache{lookups=0,hits=0,hitratio=0.00,inserts=0,evictions=0,size=0,warmupTime=0,cumulative_lookups=0,cumulative_hits=0,cumulative_hitratio=0.00,cumulative_inserts=0,cumulative_evictions=0}
1 Jan, 2013 1:48:18 PM org.apache.solr.core.QuerySenderListener newSearcher
INFO: QuerySenderListener sending requests to Searcher@ee31e33 main
1 Jan, 2013 1:48:18 PM org.apache.solr.core.QuerySenderListener newSearcher
INFO: QuerySenderListener done.
1 Jan, 2013 1:48:18 PM org.apache.solr.core.SolrCore registerSearcher
INFO: [] Registered new searcher Searcher@ee31e33 main
1 Jan, 2013 1:48:18 PM org.apache.solr.search.SolrIndexSearcher close
INFO: Closing Searcher@643cb075 main
	fieldValueCache{lookups=0,hits=0,hitratio=0.00,inserts=0,evictions=0,size=0,warmupTime=0,cumulative_lookups=0,cumulative_hits=0,cumulative_hitratio=0.00,cumulative_inserts=0,cumulative_evictions=0}
	filterCache{lookups=4,hits=3,hitratio=0.75,inserts=1,evictions=0,size=1,warmupTime=0,cumulative_lookups=4,cumulative_hits=3,cumulative_hitratio=0.75,cumulative_inserts=1,cumulative_evictions=0}
	queryResultCache{lookups=11,hits=7,hitratio=0.63,inserts=6,evictions=0,size=6,warmupTime=0,cumulative_lookups=11,cumulative_hits=7,cumulative_hitratio=0.63,cumulative_inserts=4,cumulative_evictions=0}
	documentCache{lookups=0,hits=0,hitratio=0.00,inserts=0,evictions=0,size=0,warmupTime=0,cumulative_lookups=0,cumulative_hits=0,cumulative_hitratio=0.00,cumulative_inserts=0,cumulative_evictions=0}
1 Jan, 2013 1:48:18 PM org.apache.solr.update.processor.LogUpdateProcessor finish
INFO: {commit=} 0 314
1 Jan, 2013 1:48:18 PM org.apache.solr.core.SolrCore execute
INFO: [] webapp=/solr path=/update params={wt=ruby} status=0 QTime=314 
1 Jan, 2013 1:50:50 PM org.apache.solr.core.SolrCore execute
INFO: [] webapp=/solr path=/select params={wt=ruby&start=0&fq=type:JobPost&q=*:*&rows=30} hits=2 status=0 QTime=15 
1 Jan, 2013 1:51:03 PM org.apache.solr.core.SolrCore execute
INFO: [] webapp=/solr path=/select params={fl=*+score&start=0&q=ruby&qf=city_text+job_description_text+job_position_text&wt=ruby&fq=type:JobPost&defType=dismax&rows=30} hits=1 status=0 QTime=7 
1 Jan, 2013 1:51:37 PM org.apache.solr.core.SolrCore execute
INFO: [] webapp=/solr path=/select params={fl=*+score&start=0&q=ruby&qf=city_text+job_description_text+job_position_text&wt=ruby&fq=type:JobPost&defType=dismax&rows=30} hits=1 status=0 QTime=1 
1 Jan, 2013 2:06:17 PM org.apache.solr.core.SolrCore execute
INFO: [] webapp=/solr path=/select params={wt=ruby&start=0&fq=type:Resume&q=*:*&rows=30} hits=0 status=0 QTime=1 
1 Jan, 2013 2:06:28 PM org.apache.solr.core.SolrDeletionPolicy onInit
INFO: SolrDeletionPolicy.onInit: commits:num=1
	commit{dir=/home/surupa/kweb/solr/data/development/index,segFN=segments_2,version=1356973135427,generation=2,filenames=[_0.nrm, _0.tis, _0.fnm, _0.tii, _0.frq, segments_2, _0.fdx, _0.prx, _0.fdt]
1 Jan, 2013 2:06:28 PM org.apache.solr.core.SolrDeletionPolicy updateCommits
INFO: newest commit = 1356973135427
1 Jan, 2013 2:06:28 PM org.apache.solr.update.processor.LogUpdateProcessor finish
INFO: {deleteByQuery=type:JobPost} 0 6
1 Jan, 2013 2:06:28 PM org.apache.solr.core.SolrCore execute
INFO: [] webapp=/solr path=/update params={wt=ruby} status=0 QTime=6 
1 Jan, 2013 2:06:28 PM org.apache.solr.update.processor.LogUpdateProcessor finish
INFO: {add=[JobPost 1, JobPost 3]} 0 23
1 Jan, 2013 2:06:28 PM org.apache.solr.core.SolrCore execute
INFO: [] webapp=/solr path=/update params={wt=ruby} status=0 QTime=23 
1 Jan, 2013 2:06:28 PM org.apache.solr.update.DirectUpdateHandler2 commit
INFO: start commit(optimize=false,waitFlush=false,waitSearcher=true,expungeDeletes=false)
1 Jan, 2013 2:06:28 PM org.apache.solr.core.SolrDeletionPolicy onCommit
INFO: SolrDeletionPolicy.onCommit: commits:num=2
	commit{dir=/home/surupa/kweb/solr/data/development/index,segFN=segments_2,version=1356973135427,generation=2,filenames=[_0.nrm, _0.tis, _0.fnm, _0.tii, _0.frq, segments_2, _0.fdx, _0.prx, _0.fdt]
	commit{dir=/home/surupa/kweb/solr/data/development/index,segFN=segments_3,version=1356973135428,generation=3,filenames=[_0.tis, _0.nrm, _1.tis, _0.fnm, _1.frq, _0_1.del, _1.fnm, _1.fdx, _1.prx, _0.tii, _1.fdt, _0.frq, _1.tii, _0.fdx, _0.prx, _1.nrm, segments_3, _0.fdt]
1 Jan, 2013 2:06:28 PM org.apache.solr.core.SolrDeletionPolicy updateCommits
INFO: newest commit = 1356973135428
1 Jan, 2013 2:06:28 PM org.apache.solr.search.SolrIndexSearcher <init>
INFO: Opening Searcher@2c6691da main
1 Jan, 2013 2:06:28 PM org.apache.solr.update.DirectUpdateHandler2 commit
INFO: end_commit_flush
1 Jan, 2013 2:06:28 PM org.apache.solr.search.SolrIndexSearcher warm
INFO: autowarming Searcher@2c6691da main from Searcher@ee31e33 main
	fieldValueCache{lookups=0,hits=0,hitratio=0.00,inserts=0,evictions=0,size=0,warmupTime=0,cumulative_lookups=0,cumulative_hits=0,cumulative_hitratio=0.00,cumulative_inserts=0,cumulative_evictions=0}
1 Jan, 2013 2:06:28 PM org.apache.solr.search.SolrIndexSearcher warm
INFO: autowarming result for Searcher@2c6691da main
	fieldValueCache{lookups=0,hits=0,hitratio=0.00,inserts=0,evictions=0,size=0,warmupTime=0,cumulative_lookups=0,cumulative_hits=0,cumulative_hitratio=0.00,cumulative_inserts=0,cumulative_evictions=0}
1 Jan, 2013 2:06:28 PM org.apache.solr.search.SolrIndexSearcher warm
INFO: autowarming Searcher@2c6691da main from Searcher@ee31e33 main
	filterCache{lookups=3,hits=1,hitratio=0.33,inserts=2,evictions=0,size=2,warmupTime=0,cumulative_lookups=7,cumulative_hits=4,cumulative_hitratio=0.57,cumulative_inserts=3,cumulative_evictions=0}
1 Jan, 2013 2:06:28 PM org.apache.solr.search.SolrIndexSearcher warm
INFO: autowarming result for Searcher@2c6691da main
	filterCache{lookups=0,hits=0,hitratio=0.00,inserts=0,evictions=0,size=0,warmupTime=0,cumulative_lookups=7,cumulative_hits=4,cumulative_hitratio=0.57,cumulative_inserts=3,cumulative_evictions=0}
1 Jan, 2013 2:06:28 PM org.apache.solr.search.SolrIndexSearcher warm
INFO: autowarming Searcher@2c6691da main from Searcher@ee31e33 main
	queryResultCache{lookups=4,hits=1,hitratio=0.25,inserts=3,evictions=0,size=3,warmupTime=0,cumulative_lookups=15,cumulative_hits=8,cumulative_hitratio=0.53,cumulative_inserts=7,cumulative_evictions=0}
1 Jan, 2013 2:06:28 PM org.apache.solr.search.SolrIndexSearcher warm
INFO: autowarming result for Searcher@2c6691da main
	queryResultCache{lookups=0,hits=0,hitratio=0.00,inserts=0,evictions=0,size=0,warmupTime=0,cumulative_lookups=15,cumulative_hits=8,cumulative_hitratio=0.53,cumulative_inserts=7,cumulative_evictions=0}
1 Jan, 2013 2:06:28 PM org.apache.solr.search.SolrIndexSearcher warm
INFO: autowarming Searcher@2c6691da main from Searcher@ee31e33 main
	documentCache{lookups=8,hits=6,hitratio=0.75,inserts=2,evictions=0,size=2,warmupTime=0,cumulative_lookups=8,cumulative_hits=6,cumulative_hitratio=0.75,cumulative_inserts=2,cumulative_evictions=0}
1 Jan, 2013 2:06:28 PM org.apache.solr.search.SolrIndexSearcher warm
INFO: autowarming result for Searcher@2c6691da main
	documentCache{lookups=0,hits=0,hitratio=0.00,inserts=0,evictions=0,size=0,warmupTime=0,cumulative_lookups=8,cumulative_hits=6,cumulative_hitratio=0.75,cumulative_inserts=2,cumulative_evictions=0}
1 Jan, 2013 2:06:28 PM org.apache.solr.core.QuerySenderListener newSearcher
INFO: QuerySenderListener sending requests to Searcher@2c6691da main
1 Jan, 2013 2:06:28 PM org.apache.solr.core.QuerySenderListener newSearcher
INFO: QuerySenderListener done.
1 Jan, 2013 2:06:28 PM org.apache.solr.core.SolrCore registerSearcher
INFO: [] Registered new searcher Searcher@2c6691da main
1 Jan, 2013 2:06:28 PM org.apache.solr.search.SolrIndexSearcher close
INFO: Closing Searcher@ee31e33 main
	fieldValueCache{lookups=0,hits=0,hitratio=0.00,inserts=0,evictions=0,size=0,warmupTime=0,cumulative_lookups=0,cumulative_hits=0,cumulative_hitratio=0.00,cumulative_inserts=0,cumulative_evictions=0}
	filterCache{lookups=3,hits=1,hitratio=0.33,inserts=2,evictions=0,size=2,warmupTime=0,cumulative_lookups=7,cumulative_hits=4,cumulative_hitratio=0.57,cumulative_inserts=3,cumulative_evictions=0}
	queryResultCache{lookups=4,hits=1,hitratio=0.25,inserts=3,evictions=0,size=3,warmupTime=0,cumulative_lookups=15,cumulative_hits=8,cumulative_hitratio=0.53,cumulative_inserts=7,cumulative_evictions=0}
	documentCache{lookups=8,hits=6,hitratio=0.75,inserts=2,evictions=0,size=2,warmupTime=0,cumulative_lookups=8,cumulative_hits=6,cumulative_hitratio=0.75,cumulative_inserts=2,cumulative_evictions=0}
1 Jan, 2013 2:06:28 PM org.apache.solr.update.processor.LogUpdateProcessor finish
INFO: {commit=} 0 405
1 Jan, 2013 2:06:28 PM org.apache.solr.core.SolrCore execute
INFO: [] webapp=/solr path=/update params={wt=ruby} status=0 QTime=405 
1 Jan, 2013 2:06:28 PM org.apache.solr.core.SolrDeletionPolicy onInit
INFO: SolrDeletionPolicy.onInit: commits:num=1
	commit{dir=/home/surupa/kweb/solr/data/development/index,segFN=segments_3,version=1356973135428,generation=3,filenames=[_0.tis, _0.nrm, _1.tis, _0.fnm, _1.frq, _0_1.del, _1.fnm, _1.fdx, _1.prx, _0.tii, _1.fdt, _0.frq, _1.tii, _0.fdx, _0.prx, _1.nrm, segments_3, _0.fdt]
1 Jan, 2013 2:06:28 PM org.apache.solr.core.SolrDeletionPolicy updateCommits
INFO: newest commit = 1356973135428
1 Jan, 2013 2:06:28 PM org.apache.solr.update.processor.LogUpdateProcessor finish
INFO: {deleteByQuery=type:Resume} 0 3
1 Jan, 2013 2:06:28 PM org.apache.solr.core.SolrCore execute
INFO: [] webapp=/solr path=/update params={wt=ruby} status=0 QTime=3 
1 Jan, 2013 2:06:29 PM org.apache.solr.update.processor.LogUpdateProcessor finish
INFO: {add=[Resume 1, Resume 3, Resume 4]} 0 31
1 Jan, 2013 2:06:29 PM org.apache.solr.core.SolrCore execute
INFO: [] webapp=/solr path=/update params={wt=ruby} status=0 QTime=31 
1 Jan, 2013 2:06:29 PM org.apache.solr.update.DirectUpdateHandler2 commit
INFO: start commit(optimize=false,waitFlush=false,waitSearcher=true,expungeDeletes=false)
1 Jan, 2013 2:06:29 PM org.apache.solr.core.SolrDeletionPolicy onCommit
INFO: SolrDeletionPolicy.onCommit: commits:num=2
	commit{dir=/home/surupa/kweb/solr/data/development/index,segFN=segments_3,version=1356973135428,generation=3,filenames=[_0.tis, _0.nrm, _1.tis, _0.fnm, _1.frq, _0_1.del, _1.fnm, _1.fdx, _1.prx, _0.tii, _1.fdt, _0.frq, _1.tii, _0.fdx, _0.prx, _1.nrm, segments_3, _0.fdt]
	commit{dir=/home/surupa/kweb/solr/data/development/index,segFN=segments_4,version=1356973135429,generation=4,filenames=[_0.tis, _1.frq, _2.tii, _1.fnm, _1.tii, _0.prx, _0.nrm, _0.fnm, _1.tis, _2.prx, _2.fdt, _0_1.del, _2.frq, _2.fdx, _2.fnm, _1.prx, _1.fdx, _2.tis, _0.tii, _1.fdt, _0.frq, _0.fdx, _0.fdt, _1.nrm, _2.nrm, segments_4]
1 Jan, 2013 2:06:29 PM org.apache.solr.core.SolrDeletionPolicy updateCommits
INFO: newest commit = 1356973135429
1 Jan, 2013 2:06:29 PM org.apache.solr.search.SolrIndexSearcher <init>
INFO: Opening Searcher@65d9e279 main
1 Jan, 2013 2:06:29 PM org.apache.solr.update.DirectUpdateHandler2 commit
INFO: end_commit_flush
1 Jan, 2013 2:06:29 PM org.apache.solr.search.SolrIndexSearcher warm
INFO: autowarming Searcher@65d9e279 main from Searcher@2c6691da main
	fieldValueCache{lookups=0,hits=0,hitratio=0.00,inserts=0,evictions=0,size=0,warmupTime=0,cumulative_lookups=0,cumulative_hits=0,cumulative_hitratio=0.00,cumulative_inserts=0,cumulative_evictions=0}
1 Jan, 2013 2:06:29 PM org.apache.solr.search.SolrIndexSearcher warm
INFO: autowarming result for Searcher@65d9e279 main
	fieldValueCache{lookups=0,hits=0,hitratio=0.00,inserts=0,evictions=0,size=0,warmupTime=0,cumulative_lookups=0,cumulative_hits=0,cumulative_hitratio=0.00,cumulative_inserts=0,cumulative_evictions=0}
1 Jan, 2013 2:06:29 PM org.apache.solr.search.SolrIndexSearcher warm
INFO: autowarming Searcher@65d9e279 main from Searcher@2c6691da main
	filterCache{lookups=0,hits=0,hitratio=0.00,inserts=0,evictions=0,size=0,warmupTime=0,cumulative_lookups=7,cumulative_hits=4,cumulative_hitratio=0.57,cumulative_inserts=3,cumulative_evictions=0}
1 Jan, 2013 2:06:29 PM org.apache.solr.search.SolrIndexSearcher warm
INFO: autowarming result for Searcher@65d9e279 main
	filterCache{lookups=0,hits=0,hitratio=0.00,inserts=0,evictions=0,size=0,warmupTime=0,cumulative_lookups=7,cumulative_hits=4,cumulative_hitratio=0.57,cumulative_inserts=3,cumulative_evictions=0}
1 Jan, 2013 2:06:29 PM org.apache.solr.search.SolrIndexSearcher warm
INFO: autowarming Searcher@65d9e279 main from Searcher@2c6691da main
	queryResultCache{lookups=0,hits=0,hitratio=0.00,inserts=0,evictions=0,size=0,warmupTime=0,cumulative_lookups=15,cumulative_hits=8,cumulative_hitratio=0.53,cumulative_inserts=7,cumulative_evictions=0}
1 Jan, 2013 2:06:29 PM org.apache.solr.search.SolrIndexSearcher warm
INFO: autowarming result for Searcher@65d9e279 main
	queryResultCache{lookups=0,hits=0,hitratio=0.00,inserts=0,evictions=0,size=0,warmupTime=0,cumulative_lookups=15,cumulative_hits=8,cumulative_hitratio=0.53,cumulative_inserts=7,cumulative_evictions=0}
1 Jan, 2013 2:06:29 PM org.apache.solr.search.SolrIndexSearcher warm
INFO: autowarming Searcher@65d9e279 main from Searcher@2c6691da main
	documentCache{lookups=0,hits=0,hitratio=0.00,inserts=0,evictions=0,size=0,warmupTime=0,cumulative_lookups=8,cumulative_hits=6,cumulative_hitratio=0.75,cumulative_inserts=2,cumulative_evictions=0}
1 Jan, 2013 2:06:29 PM org.apache.solr.search.SolrIndexSearcher warm
INFO: autowarming result for Searcher@65d9e279 main
	documentCache{lookups=0,hits=0,hitratio=0.00,inserts=0,evictions=0,size=0,warmupTime=0,cumulative_lookups=8,cumulative_hits=6,cumulative_hitratio=0.75,cumulative_inserts=2,cumulative_evictions=0}
1 Jan, 2013 2:06:29 PM org.apache.solr.core.QuerySenderListener newSearcher
INFO: QuerySenderListener sending requests to Searcher@65d9e279 main
1 Jan, 2013 2:06:29 PM org.apache.solr.core.QuerySenderListener newSearcher
INFO: QuerySenderListener done.
1 Jan, 2013 2:06:29 PM org.apache.solr.core.SolrCore registerSearcher
INFO: [] Registered new searcher Searcher@65d9e279 main
1 Jan, 2013 2:06:29 PM org.apache.solr.search.SolrIndexSearcher close
INFO: Closing Searcher@2c6691da main
	fieldValueCache{lookups=0,hits=0,hitratio=0.00,inserts=0,evictions=0,size=0,warmupTime=0,cumulative_lookups=0,cumulative_hits=0,cumulative_hitratio=0.00,cumulative_inserts=0,cumulative_evictions=0}
	filterCache{lookups=0,hits=0,hitratio=0.00,inserts=0,evictions=0,size=0,warmupTime=0,cumulative_lookups=7,cumulative_hits=4,cumulative_hitratio=0.57,cumulative_inserts=3,cumulative_evictions=0}
	queryResultCache{lookups=0,hits=0,hitratio=0.00,inserts=0,evictions=0,size=0,warmupTime=0,cumulative_lookups=15,cumulative_hits=8,cumulative_hitratio=0.53,cumulative_inserts=7,cumulative_evictions=0}
	documentCache{lookups=0,hits=0,hitratio=0.00,inserts=0,evictions=0,size=0,warmupTime=0,cumulative_lookups=8,cumulative_hits=6,cumulative_hitratio=0.75,cumulative_inserts=2,cumulative_evictions=0}
1 Jan, 2013 2:06:29 PM org.apache.solr.update.processor.LogUpdateProcessor finish
INFO: {commit=} 0 242
1 Jan, 2013 2:06:29 PM org.apache.solr.core.SolrCore execute
INFO: [] webapp=/solr path=/update params={wt=ruby} status=0 QTime=242 
1 Jan, 2013 2:06:33 PM org.apache.solr.core.SolrCore execute
INFO: [] webapp=/solr path=/select params={wt=ruby&start=0&fq=type:Resume&q=*:*&rows=30} hits=3 status=0 QTime=4 
1 Jan, 2013 2:11:19 PM org.apache.solr.core.SolrCore execute
INFO: [] webapp=/solr path=/select params={wt=ruby&start=0&fq=type:Resume&q=*:*&rows=30} hits=3 status=0 QTime=1 
1 Jan, 2013 2:11:42 PM org.apache.solr.core.SolrCore execute
INFO: [] webapp=/solr path=/select params={wt=ruby&start=0&fq=type:Resume&q=*:*&rows=30} hits=3 status=0 QTime=0 
1 Jan, 2013 2:13:03 PM org.apache.solr.core.SolrCore execute
INFO: [] webapp=/solr path=/select params={fl=*+score&start=0&q=_query_:"{!dismax+qf%3D'address_text+address_city_text+designation_text+resume_content_text+skills_text+summary_text+technology_text'}0"+_query_:"{!dismax+qf%3D'address_text+address_city_text+designation_text+resume_content_text+skills_text+summary_text+technology_text'}Mumbai"&wt=ruby&fq=type:Resume&rows=30} hits=0 status=0 QTime=15 
1 Jan, 2013 2:13:06 PM org.apache.solr.core.SolrCore execute
INFO: [] webapp=/solr path=/select params={fl=*+score&start=0&q=_query_:"{!dismax+qf%3D'address_text+address_city_text+designation_text+resume_content_text+skills_text+summary_text+technology_text'}0"+_query_:"{!dismax+qf%3D'address_text+address_city_text+designation_text+resume_content_text+skills_text+summary_text+technology_text'}Mumbai"&wt=ruby&fq=type:Resume&rows=30} hits=0 status=0 QTime=4 
1 Jan, 2013 2:14:50 PM org.apache.solr.core.SolrCore execute
INFO: [] webapp=/solr path=/select params={wt=ruby&start=0&fq=type:Resume&q=*:*&rows=30} hits=3 status=0 QTime=1 
1 Jan, 2013 2:14:59 PM org.apache.solr.core.SolrCore execute
INFO: [] webapp=/solr path=/select params={fl=*+score&start=0&q=ruby&qf=address_text+address_city_text+designation_text+resume_content_text+skills_text+summary_text+technology_text&wt=ruby&fq=type:Resume&defType=dismax&rows=30} hits=2 status=0 QTime=7 
1 Jan, 2013 2:15:10 PM org.apache.solr.core.SolrCore execute
INFO: [] webapp=/solr path=/select params={fl=*+score&start=0&q=.net&qf=address_text+address_city_text+designation_text+resume_content_text+skills_text+summary_text+technology_text&wt=ruby&fq=type:Resume&defType=dismax&rows=30} hits=2 status=0 QTime=4 
1 Jan, 2013 2:16:56 PM org.apache.solr.core.SolrCore execute
INFO: [] webapp=/solr path=/select params={fl=*+score&start=0&q=.net&qf=address_text+address_city_text+designation_text+resume_content_text+skills_text+summary_text+technology_text&wt=ruby&fq=type:Resume&defType=dismax&rows=30} hits=2 status=0 QTime=4 
1 Jan, 2013 2:22:08 PM org.apache.solr.core.SolrCore execute
INFO: [] webapp=/solr path=/select params={fl=*+score&start=0&q=.net0&qf=address_text+address_city_text+designation_text+resume_content_text+skills_text+summary_text+technology_text&wt=ruby&fq=type:Resume&defType=dismax&rows=30} hits=0 status=0 QTime=5 
1 Jan, 2013 2:22:12 PM org.apache.solr.core.SolrCore execute
INFO: [] webapp=/solr path=/select params={fl=*+score&start=0&q=.net0&qf=address_text+address_city_text+designation_text+resume_content_text+skills_text+summary_text+technology_text&wt=ruby&fq=type:Resume&defType=dismax&rows=30} hits=0 status=0 QTime=2 
1 Jan, 2013 2:22:17 PM org.apache.solr.core.SolrCore execute
INFO: [] webapp=/solr path=/select params={fl=*+score&start=0&q=ruby0&qf=address_text+address_city_text+designation_text+resume_content_text+skills_text+summary_text+technology_text&wt=ruby&fq=type:Resume&defType=dismax&rows=30} hits=0 status=0 QTime=5 
1 Jan, 2013 2:22:38 PM org.apache.solr.core.SolrCore execute
INFO: [] webapp=/solr path=/select params={fl=*+score&start=0&q=ruby&qf=address_text+address_city_text+designation_text+resume_content_text+skills_text+summary_text+technology_text&wt=ruby&fq=type:Resume&defType=dismax&rows=30} hits=2 status=0 QTime=3 
1 Jan, 2013 2:22:47 PM org.apache.solr.core.SolrCore execute
INFO: [] webapp=/solr path=/select params={fl=*+score&start=0&q=rails&qf=address_text+address_city_text+designation_text+resume_content_text+skills_text+summary_text+technology_text&wt=ruby&fq=type:Resume&defType=dismax&rows=30} hits=2 status=0 QTime=4 
1 Jan, 2013 2:23:38 PM org.apache.solr.core.SolrCore execute
INFO: [] webapp=/solr path=/select params={fl=*+score&start=0&q=rails&qf=address_text+address_city_text+designation_text+resume_content_text+skills_text+summary_text+technology_text&wt=ruby&fq=type:Resume&defType=dismax&rows=30} hits=2 status=0 QTime=2 
1 Jan, 2013 2:23:53 PM org.apache.solr.core.SolrCore execute
INFO: [] webapp=/solr path=/select params={fl=*+score&start=0&q=rails&qf=address_text+address_city_text+designation_text+resume_content_text+skills_text+summary_text+technology_text&wt=ruby&fq=type:Resume&defType=dismax&rows=30} hits=2 status=0 QTime=1 
1 Jan, 2013 2:24:02 PM org.apache.solr.core.SolrCore execute
INFO: [] webapp=/solr path=/select params={fl=*+score&start=0&q=bangalore&qf=address_text+address_city_text+designation_text+resume_content_text+skills_text+summary_text+technology_text&wt=ruby&fq=type:Resume&defType=dismax&rows=30} hits=0 status=0 QTime=4 
1 Jan, 2013 2:24:33 PM org.apache.solr.core.SolrDeletionPolicy onInit
INFO: SolrDeletionPolicy.onInit: commits:num=1
	commit{dir=/home/surupa/kweb/solr/data/development/index,segFN=segments_4,version=1356973135429,generation=4,filenames=[_0.tis, _1.frq, _2.tii, _1.fnm, _1.tii, _0.prx, _0.nrm, _0.fnm, _1.tis, _2.prx, _2.fdt, _0_1.del, _2.frq, _2.fdx, _2.fnm, _1.prx, _1.fdx, _2.tis, _0.tii, _1.fdt, _0.frq, _0.fdx, _0.fdt, _1.nrm, _2.nrm, segments_4]
1 Jan, 2013 2:24:33 PM org.apache.solr.core.SolrDeletionPolicy updateCommits
INFO: newest commit = 1356973135429
1 Jan, 2013 2:24:33 PM org.apache.solr.update.processor.LogUpdateProcessor finish
INFO: {deleteByQuery=type:JobPost} 0 10
1 Jan, 2013 2:24:33 PM org.apache.solr.core.SolrCore execute
INFO: [] webapp=/solr path=/update params={wt=ruby} status=0 QTime=10 
1 Jan, 2013 2:24:33 PM org.apache.solr.update.processor.LogUpdateProcessor finish
INFO: {add=[JobPost 1, JobPost 3]} 0 13
1 Jan, 2013 2:24:33 PM org.apache.solr.core.SolrCore execute
INFO: [] webapp=/solr path=/update params={wt=ruby} status=0 QTime=13 
1 Jan, 2013 2:24:33 PM org.apache.solr.update.DirectUpdateHandler2 commit
INFO: start commit(optimize=false,waitFlush=false,waitSearcher=true,expungeDeletes=false)
1 Jan, 2013 2:24:34 PM org.apache.solr.core.SolrDeletionPolicy onCommit
INFO: SolrDeletionPolicy.onCommit: commits:num=2
	commit{dir=/home/surupa/kweb/solr/data/development/index,segFN=segments_4,version=1356973135429,generation=4,filenames=[_0.tis, _1.frq, _2.tii, _1.fnm, _1.tii, _0.prx, _0.nrm, _0.fnm, _1.tis, _2.prx, _2.fdt, _0_1.del, _2.frq, _2.fdx, _2.fnm, _1.prx, _1.fdx, _2.tis, _0.tii, _1.fdt, _0.frq, _0.fdx, _0.fdt, _1.nrm, _2.nrm, segments_4]
	commit{dir=/home/surupa/kweb/solr/data/development/index,segFN=segments_5,version=1356973135430,generation=5,filenames=[_0.tis, _3.tii, _3.frq, _1.frq, _3.fdt, _3.fnm, _2.tii, _1.fnm, _1.tii, _0.prx, _3.nrm, _0.nrm, _0.fnm, _1.tis, _2.prx, _2.fdt, _0_1.del, _2.frq, _3.prx, _1_1.del, _2.fdx, _2.fnm, _3.fdx, _1.prx, _1.fdx, _2.tis, _0.tii, _1.fdt, _0.frq, _0.fdx, segments_5, _0.fdt, _1.nrm, _2.nrm, _3.tis]
1 Jan, 2013 2:24:34 PM org.apache.solr.core.SolrDeletionPolicy updateCommits
INFO: newest commit = 1356973135430
1 Jan, 2013 2:24:34 PM org.apache.solr.search.SolrIndexSearcher <init>
INFO: Opening Searcher@566798eb main
1 Jan, 2013 2:24:34 PM org.apache.solr.update.DirectUpdateHandler2 commit
INFO: end_commit_flush
1 Jan, 2013 2:24:34 PM org.apache.solr.search.SolrIndexSearcher warm
INFO: autowarming Searcher@566798eb main from Searcher@65d9e279 main
	fieldValueCache{lookups=0,hits=0,hitratio=0.00,inserts=0,evictions=0,size=0,warmupTime=0,cumulative_lookups=0,cumulative_hits=0,cumulative_hitratio=0.00,cumulative_inserts=0,cumulative_evictions=0}
1 Jan, 2013 2:24:34 PM org.apache.solr.search.SolrIndexSearcher warm
INFO: autowarming result for Searcher@566798eb main
	fieldValueCache{lookups=0,hits=0,hitratio=0.00,inserts=0,evictions=0,size=0,warmupTime=0,cumulative_lookups=0,cumulative_hits=0,cumulative_hitratio=0.00,cumulative_inserts=0,cumulative_evictions=0}
1 Jan, 2013 2:24:34 PM org.apache.solr.search.SolrIndexSearcher warm
INFO: autowarming Searcher@566798eb main from Searcher@65d9e279 main
	filterCache{lookups=8,hits=7,hitratio=0.87,inserts=1,evictions=0,size=1,warmupTime=0,cumulative_lookups=15,cumulative_hits=11,cumulative_hitratio=0.73,cumulative_inserts=4,cumulative_evictions=0}
1 Jan, 2013 2:24:34 PM org.apache.solr.search.SolrIndexSearcher warm
INFO: autowarming result for Searcher@566798eb main
	filterCache{lookups=0,hits=0,hitratio=0.00,inserts=0,evictions=0,size=0,warmupTime=0,cumulative_lookups=15,cumulative_hits=11,cumulative_hitratio=0.73,cumulative_inserts=4,cumulative_evictions=0}
1 Jan, 2013 2:24:34 PM org.apache.solr.search.SolrIndexSearcher warm
INFO: autowarming Searcher@566798eb main from Searcher@65d9e279 main
	queryResultCache{lookups=17,hits=9,hitratio=0.52,inserts=8,evictions=0,size=8,warmupTime=0,cumulative_lookups=32,cumulative_hits=17,cumulative_hitratio=0.53,cumulative_inserts=15,cumulative_evictions=0}
1 Jan, 2013 2:24:34 PM org.apache.solr.search.SolrIndexSearcher warm
INFO: autowarming result for Searcher@566798eb main
	queryResultCache{lookups=0,hits=0,hitratio=0.00,inserts=0,evictions=0,size=0,warmupTime=0,cumulative_lookups=32,cumulative_hits=17,cumulative_hitratio=0.53,cumulative_inserts=15,cumulative_evictions=0}
1 Jan, 2013 2:24:34 PM org.apache.solr.search.SolrIndexSearcher warm
INFO: autowarming Searcher@566798eb main from Searcher@65d9e279 main
	documentCache{lookups=52,hits=49,hitratio=0.94,inserts=3,evictions=0,size=3,warmupTime=0,cumulative_lookups=60,cumulative_hits=55,cumulative_hitratio=0.91,cumulative_inserts=5,cumulative_evictions=0}
1 Jan, 2013 2:24:34 PM org.apache.solr.search.SolrIndexSearcher warm
INFO: autowarming result for Searcher@566798eb main
	documentCache{lookups=0,hits=0,hitratio=0.00,inserts=0,evictions=0,size=0,warmupTime=0,cumulative_lookups=60,cumulative_hits=55,cumulative_hitratio=0.91,cumulative_inserts=5,cumulative_evictions=0}
1 Jan, 2013 2:24:34 PM org.apache.solr.core.QuerySenderListener newSearcher
INFO: QuerySenderListener sending requests to Searcher@566798eb main
1 Jan, 2013 2:24:34 PM org.apache.solr.core.QuerySenderListener newSearcher
INFO: QuerySenderListener done.
1 Jan, 2013 2:24:34 PM org.apache.solr.core.SolrCore registerSearcher
INFO: [] Registered new searcher Searcher@566798eb main
1 Jan, 2013 2:24:34 PM org.apache.solr.search.SolrIndexSearcher close
INFO: Closing Searcher@65d9e279 main
	fieldValueCache{lookups=0,hits=0,hitratio=0.00,inserts=0,evictions=0,size=0,warmupTime=0,cumulative_lookups=0,cumulative_hits=0,cumulative_hitratio=0.00,cumulative_inserts=0,cumulative_evictions=0}
	filterCache{lookups=8,hits=7,hitratio=0.87,inserts=1,evictions=0,size=1,warmupTime=0,cumulative_lookups=15,cumulative_hits=11,cumulative_hitratio=0.73,cumulative_inserts=4,cumulative_evictions=0}
	queryResultCache{lookups=17,hits=9,hitratio=0.52,inserts=8,evictions=0,size=8,warmupTime=0,cumulative_lookups=32,cumulative_hits=17,cumulative_hitratio=0.53,cumulative_inserts=15,cumulative_evictions=0}
	documentCache{lookups=52,hits=49,hitratio=0.94,inserts=3,evictions=0,size=3,warmupTime=0,cumulative_lookups=60,cumulative_hits=55,cumulative_hitratio=0.91,cumulative_inserts=5,cumulative_evictions=0}
1 Jan, 2013 2:24:34 PM org.apache.solr.update.processor.LogUpdateProcessor finish
INFO: {commit=} 0 409
1 Jan, 2013 2:24:34 PM org.apache.solr.core.SolrCore execute
INFO: [] webapp=/solr path=/update params={wt=ruby} status=0 QTime=409 
1 Jan, 2013 2:24:34 PM org.apache.solr.core.SolrDeletionPolicy onInit
INFO: SolrDeletionPolicy.onInit: commits:num=1
	commit{dir=/home/surupa/kweb/solr/data/development/index,segFN=segments_5,version=1356973135430,generation=5,filenames=[_0.tis, _3.tii, _3.frq, _1.frq, _3.fdt, _3.fnm, _2.tii, _1.fnm, _1.tii, _0.prx, _3.nrm, _0.nrm, _0.fnm, _1.tis, _2.prx, _2.fdt, _0_1.del, _2.frq, _3.prx, _1_1.del, _2.fdx, _2.fnm, _3.fdx, _1.prx, _1.fdx, _2.tis, _0.tii, _1.fdt, _0.frq, _0.fdx, segments_5, _0.fdt, _1.nrm, _2.nrm, _3.tis]
1 Jan, 2013 2:24:34 PM org.apache.solr.core.SolrDeletionPolicy updateCommits
INFO: newest commit = 1356973135430
1 Jan, 2013 2:24:34 PM org.apache.solr.update.processor.LogUpdateProcessor finish
INFO: {deleteByQuery=type:Resume} 0 6
1 Jan, 2013 2:24:34 PM org.apache.solr.core.SolrCore execute
INFO: [] webapp=/solr path=/update params={wt=ruby} status=0 QTime=6 
1 Jan, 2013 2:24:34 PM org.apache.solr.update.processor.LogUpdateProcessor finish
INFO: {add=[Resume 1, Resume 3, Resume 4]} 0 24
1 Jan, 2013 2:24:34 PM org.apache.solr.core.SolrCore execute
INFO: [] webapp=/solr path=/update params={wt=ruby} status=0 QTime=24 
1 Jan, 2013 2:24:34 PM org.apache.solr.update.DirectUpdateHandler2 commit
INFO: start commit(optimize=false,waitFlush=false,waitSearcher=true,expungeDeletes=false)
1 Jan, 2013 2:24:34 PM org.apache.solr.core.SolrDeletionPolicy onCommit
INFO: SolrDeletionPolicy.onCommit: commits:num=2
	commit{dir=/home/surupa/kweb/solr/data/development/index,segFN=segments_5,version=1356973135430,generation=5,filenames=[_0.tis, _3.tii, _3.frq, _1.frq, _3.fdt, _3.fnm, _2.tii, _1.fnm, _1.tii, _0.prx, _3.nrm, _0.nrm, _0.fnm, _1.tis, _2.prx, _2.fdt, _0_1.del, _2.frq, _3.prx, _1_1.del, _2.fdx, _2.fnm, _3.fdx, _1.prx, _1.fdx, _2.tis, _0.tii, _1.fdt, _0.frq, _0.fdx, segments_5, _0.fdt, _1.nrm, _2.nrm, _3.tis]
	commit{dir=/home/surupa/kweb/solr/data/development/index,segFN=segments_6,version=1356973135431,generation=6,filenames=[_0.tis, _3.tii, _3.frq, _1.frq, _4.prx, _4.fnm, _3.fdt, _3.fnm, _2.tii, _1.fnm, _4.fdx, _4.frq, _1.tii, _4.tis, _2_1.del, _0.prx, _3.nrm, _4.tii, _0.nrm, _0.fnm, _1.tis, _2.prx, _4.nrm, _2.fdt, _0_1.del, _2.frq, _4.fdt, _3.prx, _1_1.del, _2.fdx, _2.fnm, _3.fdx, _1.prx, _1.fdx, _2.tis, _0.tii, _1.fdt, _0.frq, _0.fdx, segments_6, _0.fdt, _1.nrm, _2.nrm, _3.tis]
1 Jan, 2013 2:24:34 PM org.apache.solr.core.SolrDeletionPolicy updateCommits
INFO: newest commit = 1356973135431
1 Jan, 2013 2:24:34 PM org.apache.solr.search.SolrIndexSearcher <init>
INFO: Opening Searcher@69107c05 main
1 Jan, 2013 2:24:34 PM org.apache.solr.update.DirectUpdateHandler2 commit
INFO: end_commit_flush
1 Jan, 2013 2:24:34 PM org.apache.solr.search.SolrIndexSearcher warm
INFO: autowarming Searcher@69107c05 main from Searcher@566798eb main
	fieldValueCache{lookups=0,hits=0,hitratio=0.00,inserts=0,evictions=0,size=0,warmupTime=0,cumulative_lookups=0,cumulative_hits=0,cumulative_hitratio=0.00,cumulative_inserts=0,cumulative_evictions=0}
1 Jan, 2013 2:24:34 PM org.apache.solr.search.SolrIndexSearcher warm
INFO: autowarming result for Searcher@69107c05 main
	fieldValueCache{lookups=0,hits=0,hitratio=0.00,inserts=0,evictions=0,size=0,warmupTime=0,cumulative_lookups=0,cumulative_hits=0,cumulative_hitratio=0.00,cumulative_inserts=0,cumulative_evictions=0}
1 Jan, 2013 2:24:34 PM org.apache.solr.search.SolrIndexSearcher warm
INFO: autowarming Searcher@69107c05 main from Searcher@566798eb main
	filterCache{lookups=0,hits=0,hitratio=0.00,inserts=0,evictions=0,size=0,warmupTime=0,cumulative_lookups=15,cumulative_hits=11,cumulative_hitratio=0.73,cumulative_inserts=4,cumulative_evictions=0}
1 Jan, 2013 2:24:34 PM org.apache.solr.search.SolrIndexSearcher warm
INFO: autowarming result for Searcher@69107c05 main
	filterCache{lookups=0,hits=0,hitratio=0.00,inserts=0,evictions=0,size=0,warmupTime=0,cumulative_lookups=15,cumulative_hits=11,cumulative_hitratio=0.73,cumulative_inserts=4,cumulative_evictions=0}
1 Jan, 2013 2:24:34 PM org.apache.solr.search.SolrIndexSearcher warm
INFO: autowarming Searcher@69107c05 main from Searcher@566798eb main
	queryResultCache{lookups=0,hits=0,hitratio=0.00,inserts=0,evictions=0,size=0,warmupTime=0,cumulative_lookups=32,cumulative_hits=17,cumulative_hitratio=0.53,cumulative_inserts=15,cumulative_evictions=0}
1 Jan, 2013 2:24:34 PM org.apache.solr.search.SolrIndexSearcher warm
INFO: autowarming result for Searcher@69107c05 main
	queryResultCache{lookups=0,hits=0,hitratio=0.00,inserts=0,evictions=0,size=0,warmupTime=0,cumulative_lookups=32,cumulative_hits=17,cumulative_hitratio=0.53,cumulative_inserts=15,cumulative_evictions=0}
1 Jan, 2013 2:24:34 PM org.apache.solr.search.SolrIndexSearcher warm
INFO: autowarming Searcher@69107c05 main from Searcher@566798eb main
	documentCache{lookups=0,hits=0,hitratio=0.00,inserts=0,evictions=0,size=0,warmupTime=0,cumulative_lookups=60,cumulative_hits=55,cumulative_hitratio=0.91,cumulative_inserts=5,cumulative_evictions=0}
1 Jan, 2013 2:24:34 PM org.apache.solr.search.SolrIndexSearcher warm
INFO: autowarming result for Searcher@69107c05 main
	documentCache{lookups=0,hits=0,hitratio=0.00,inserts=0,evictions=0,size=0,warmupTime=0,cumulative_lookups=60,cumulative_hits=55,cumulative_hitratio=0.91,cumulative_inserts=5,cumulative_evictions=0}
1 Jan, 2013 2:24:34 PM org.apache.solr.core.QuerySenderListener newSearcher
INFO: QuerySenderListener sending requests to Searcher@69107c05 main
1 Jan, 2013 2:24:34 PM org.apache.solr.core.QuerySenderListener newSearcher
INFO: QuerySenderListener done.
1 Jan, 2013 2:24:34 PM org.apache.solr.core.SolrCore registerSearcher
INFO: [] Registered new searcher Searcher@69107c05 main
1 Jan, 2013 2:24:34 PM org.apache.solr.search.SolrIndexSearcher close
INFO: Closing Searcher@566798eb main
	fieldValueCache{lookups=0,hits=0,hitratio=0.00,inserts=0,evictions=0,size=0,warmupTime=0,cumulative_lookups=0,cumulative_hits=0,cumulative_hitratio=0.00,cumulative_inserts=0,cumulative_evictions=0}
	filterCache{lookups=0,hits=0,hitratio=0.00,inserts=0,evictions=0,size=0,warmupTime=0,cumulative_lookups=15,cumulative_hits=11,cumulative_hitratio=0.73,cumulative_inserts=4,cumulative_evictions=0}
	queryResultCache{lookups=0,hits=0,hitratio=0.00,inserts=0,evictions=0,size=0,warmupTime=0,cumulative_lookups=32,cumulative_hits=17,cumulative_hitratio=0.53,cumulative_inserts=15,cumulative_evictions=0}
	documentCache{lookups=0,hits=0,hitratio=0.00,inserts=0,evictions=0,size=0,warmupTime=0,cumulative_lookups=60,cumulative_hits=55,cumulative_hitratio=0.91,cumulative_inserts=5,cumulative_evictions=0}
1 Jan, 2013 2:24:34 PM org.apache.solr.update.processor.LogUpdateProcessor finish
INFO: {commit=} 0 305
1 Jan, 2013 2:24:34 PM org.apache.solr.core.SolrCore execute
INFO: [] webapp=/solr path=/update params={wt=ruby} status=0 QTime=305 
1 Jan, 2013 2:24:38 PM org.apache.solr.core.SolrCore execute
INFO: [] webapp=/solr path=/select params={fl=*+score&start=0&q=bangalore&qf=address_text+address_city_text+company_location_text+designation_text+resume_content_text+skills_text+summary_text+technology_text&wt=ruby&fq=type:Resume&defType=dismax&rows=30} hits=1 status=0 QTime=21 
1 Jan, 2013 2:25:54 PM org.apache.solr.core.SolrCore execute
INFO: [] webapp=/solr path=/select params={fl=*+score&start=0&q=bangalore&qf=address_text+address_city_text+company_location_text+designation_text+resume_content_text+skills_text+summary_text+technology_text&wt=ruby&fq=type:Resume&defType=dismax&rows=30} hits=1 status=0 QTime=2 
1 Jan, 2013 2:26:15 PM org.apache.solr.core.SolrCore execute
INFO: [] webapp=/solr path=/select params={fl=*+score&start=0&q=bangalore&qf=address_text+address_city_text+company_location_text+designation_text+resume_content_text+skills_text+summary_text+technology_text&wt=ruby&fq=type:Resume&defType=dismax&rows=30} hits=1 status=0 QTime=3 
1 Jan, 2013 2:27:50 PM org.apache.solr.core.SolrCore execute
INFO: [] webapp=/solr path=/select params={fl=*+score&start=0&q=bangalore&qf=address_text+address_city_text+company_location_text+designation_text+resume_content_text+skills_text+summary_text+technology_text&wt=ruby&fq=type:Resume&defType=dismax&rows=30} hits=1 status=0 QTime=1 
1 Jan, 2013 2:28:02 PM org.apache.solr.core.SolrCore execute
INFO: [] webapp=/solr path=/select params={wt=ruby&start=0&fq=type:Resume&q=*:*&rows=30} hits=3 status=0 QTime=1 
1 Jan, 2013 2:28:56 PM org.apache.solr.core.SolrCore execute
INFO: [] webapp=/solr path=/select params={wt=ruby&start=0&fq=type:Resume&q=*:*&rows=30} hits=3 status=0 QTime=2 
1 Jan, 2013 2:29:04 PM org.apache.solr.core.SolrCore execute
INFO: [] webapp=/solr path=/select params={fl=*+score&start=0&q=bangalore&qf=address_text+address_city_text+company_location_text+designation_text+resume_content_text+skills_text+summary_text+technology_text&wt=ruby&fq=type:Resume&defType=dismax&rows=30} hits=1 status=0 QTime=1 
1 Jan, 2013 2:29:21 PM org.apache.solr.core.SolrCore execute
INFO: [] webapp=/solr path=/select params={fl=*+score&start=0&q=3&qf=address_text+address_city_text+company_location_text+designation_text+resume_content_text+skills_text+summary_text+technology_text&wt=ruby&fq=type:Resume&defType=dismax&rows=30} hits=2 status=0 QTime=5 
1 Jan, 2013 2:29:53 PM org.apache.solr.core.SolrCore execute
INFO: [] webapp=/solr path=/select params={fl=*+score&start=0&q=3+years&qf=address_text+address_city_text+company_location_text+designation_text+resume_content_text+skills_text+summary_text+technology_text&wt=ruby&fq=type:Resume&defType=dismax&rows=30} hits=0 status=0 QTime=13 
1 Jan, 2013 2:30:05 PM org.apache.solr.core.SolrCore execute
INFO: [] webapp=/solr path=/select params={fl=*+score&start=0&q=3.1+year&qf=address_text+address_city_text+company_location_text+designation_text+resume_content_text+skills_text+summary_text+technology_text&wt=ruby&fq=type:Resume&defType=dismax&rows=30} hits=0 status=0 QTime=6 
1 Jan, 2013 2:30:17 PM org.apache.solr.core.SolrCore execute
INFO: [] webapp=/solr path=/select params={fl=*+score&start=0&q=Hyderabad&qf=address_text+address_city_text+company_location_text+designation_text+resume_content_text+skills_text+summary_text+technology_text&wt=ruby&fq=type:Resume&defType=dismax&rows=30} hits=1 status=0 QTime=3 
1 Jan, 2013 2:30:29 PM org.apache.solr.core.SolrCore execute
INFO: [] webapp=/solr path=/select params={fl=*+score&start=0&q=3.1+Year&qf=address_text+address_city_text+company_location_text+designation_text+resume_content_text+skills_text+summary_text+technology_text&wt=ruby&fq=type:Resume&defType=dismax&rows=30} hits=0 status=0 QTime=2 
1 Jan, 2013 2:30:38 PM org.apache.solr.core.SolrCore execute
INFO: [] webapp=/solr path=/select params={fl=*+score&start=0&q=Hyderabad&qf=address_text+address_city_text+company_location_text+designation_text+resume_content_text+skills_text+summary_text+technology_text&wt=ruby&fq=type:Resume&defType=dismax&rows=30} hits=1 status=0 QTime=2 
1 Jan, 2013 2:31:04 PM org.apache.solr.core.SolrCore execute
INFO: [] webapp=/solr path=/select params={fl=*+score&start=0&q=3+yrs&qf=address_text+address_city_text+company_location_text+designation_text+resume_content_text+skills_text+summary_text+technology_text&wt=ruby&fq=type:Resume&defType=dismax&rows=30} hits=1 status=0 QTime=5 
1 Jan, 2013 2:31:17 PM org.apache.solr.core.SolrCore execute
INFO: [] webapp=/solr path=/select params={fl=*+score&start=0&q=rails&qf=address_text+address_city_text+company_location_text+designation_text+resume_content_text+skills_text+summary_text+technology_text&wt=ruby&fq=type:Resume&defType=dismax&rows=30} hits=2 status=0 QTime=8 
1 Jan, 2013 2:31:36 PM org.apache.solr.core.SolrCore execute
INFO: [] webapp=/solr path=/select params={fl=*+score&start=0&q=2+yrs&qf=address_text+address_city_text+company_location_text+designation_text+resume_content_text+skills_text+summary_text+technology_text&wt=ruby&fq=type:Resume&defType=dismax&rows=30} hits=1 status=0 QTime=4 
1 Jan, 2013 2:31:42 PM org.apache.solr.core.SolrCore execute
INFO: [] webapp=/solr path=/select params={wt=ruby&start=0&fq=type:Resume&q=*:*&rows=30} hits=3 status=0 QTime=1 
1 Jan, 2013 2:32:31 PM org.apache.solr.core.SolrCore execute
INFO: [] webapp=/solr path=/select params={wt=ruby&start=0&fq=type:Resume&q=*:*&rows=30} hits=3 status=0 QTime=1 
1 Jan, 2013 2:32:43 PM org.apache.solr.core.SolrCore execute
INFO: [] webapp=/solr path=/select params={fl=*+score&start=0&q=Hyderabad&qf=address_text+address_city_text+company_location_text+designation_text+resume_content_text+skills_text+summary_text+technology_text&wt=ruby&fq=type:Resume&defType=dismax&rows=30} hits=1 status=0 QTime=2 
1 Jan, 2013 2:33:07 PM org.apache.solr.core.SolrCore execute
INFO: [] webapp=/solr path=/select params={fl=*+score&start=0&q=Hyderabad&qf=address_text+address_city_text+company_location_text+designation_text+resume_content_text+skills_text+summary_text+technology_text&wt=ruby&fq=type:Resume&defType=dismax&rows=30} hits=1 status=0 QTime=4 
1 Jan, 2013 3:39:44 PM org.apache.solr.core.SolrCore execute
INFO: [] webapp=/solr path=/select params={fl=*+score&start=0&q=Hyderabad&qf=address_text+address_city_text+company_location_text+designation_text+resume_content_text+skills_text+summary_text+technology_text&wt=ruby&fq=type:Resume&defType=dismax&rows=30} hits=1 status=0 QTime=3 
1 Jan, 2013 3:39:52 PM org.apache.solr.core.SolrCore execute
INFO: [] webapp=/solr path=/select params={wt=ruby&start=0&fq=type:Resume&q=*:*&rows=30} hits=3 status=0 QTime=0 
1 Jan, 2013 3:41:39 PM org.apache.solr.core.SolrCore execute
INFO: [] webapp=/solr path=/select params={wt=ruby&start=0&fq=type:Resume&q=*:*&rows=30} hits=3 status=0 QTime=0 
1 Jan, 2013 3:42:06 PM org.apache.solr.core.SolrCore execute
INFO: [] webapp=/solr path=/select params={wt=ruby&start=0&fq=type:Resume&q=*:*&rows=30} hits=3 status=0 QTime=1 
1 Jan, 2013 3:42:28 PM org.apache.solr.core.SolrCore execute
INFO: [] webapp=/solr path=/select params={wt=ruby&start=0&fq=type:Resume&q=*:*&rows=30} hits=3 status=0 QTime=0 
